0 info it worked if it ends with ok
1 verbose cli [ 'C:\\Program Files\\nodejs\\node.exe',
1 verbose cli   'C:\\Program Files\\nodejs\\node_modules\\npm\\bin\\npm-cli.js',
1 verbose cli   'publish' ]
2 info using npm@3.8.9
3 info using node@v6.2.0
4 verbose publish [ '.' ]
5 silly cache add args [ '.', null ]
6 verbose cache add spec .
7 silly cache add parsed spec Result {
7 silly cache add   raw: '.',
7 silly cache add   scope: null,
7 silly cache add   name: null,
7 silly cache add   rawSpec: '.',
7 silly cache add   spec: 'E:\\git\\location-helper',
7 silly cache add   type: 'directory' }
8 verbose addLocalDirectory C:\Users\Administrator.FUTUCN-05121115\AppData\Roaming\npm-cache\location-helper\1.0.2\package.tgz not in flight; packing
9 verbose correctMkdir C:\Users\Administrator.FUTUCN-05121115\AppData\Roaming\npm-cache correctMkdir not in flight; initializing
10 info lifecycle location-helper@1.0.2~prepublish: location-helper@1.0.2
11 silly lifecycle location-helper@1.0.2~prepublish: no script for prepublish, continuing
12 verbose tar pack [ 'C:\\Users\\Administrator.FUTUCN-05121115\\AppData\\Roaming\\npm-cache\\location-helper\\1.0.2\\package.tgz',
12 verbose tar pack   'E:\\git\\location-helper' ]
13 verbose tarball C:\Users\Administrator.FUTUCN-05121115\AppData\Roaming\npm-cache\location-helper\1.0.2\package.tgz
14 verbose folder E:\git\location-helper
15 verbose addLocalTarball adding from inside cache C:\Users\Administrator.FUTUCN-05121115\AppData\Roaming\npm-cache\location-helper\1.0.2\package.tgz
16 verbose correctMkdir C:\Users\Administrator.FUTUCN-05121115\AppData\Roaming\npm-cache correctMkdir not in flight; initializing
17 silly cache afterAdd location-helper@1.0.2
18 verbose afterAdd C:\Users\Administrator.FUTUCN-05121115\AppData\Roaming\npm-cache\location-helper\1.0.2\package\package.json not in flight; writing
19 verbose correctMkdir C:\Users\Administrator.FUTUCN-05121115\AppData\Roaming\npm-cache correctMkdir not in flight; initializing
20 verbose afterAdd C:\Users\Administrator.FUTUCN-05121115\AppData\Roaming\npm-cache\location-helper\1.0.2\package\package.json written
21 silly publish { name: 'location-helper',
21 silly publish   version: '1.0.2',
21 silly publish   description: 'Window.location helper',
21 silly publish   main: 'index.js',
21 silly publish   scripts: { test: 'webpack' },
21 silly publish   keywords: [ 'location' ],
21 silly publish   author: { name: 'Cray' },
21 silly publish   license: 'MIT',
21 silly publish   devDependencies:
21 silly publish    { 'babel-core': '^6.17.2',
21 silly publish      'babel-loader': '^6.2.5',
21 silly publish      'babel-plugin-add-module-exports': '^0.2.1',
21 silly publish      'babel-preset-es2015': '^6.16.2',
21 silly publish      'babel-preset-es2015-loose': '^8.0.0',
21 silly publish      webpack: '^1.13.2' },
21 silly publish   repository:
21 silly publish    { type: 'git',
21 silly publish      url: 'git+https://github.com/Yi-love/location-helper.git' },
21 silly publish   readme: '# LocationHelper\nLocation Helper\n\n```\n  npm install location-helper\n```\n\n## logs\n\n```\n  v1.0.1  2016-11-01   npm publish\n```\n\n## exports\n\n```js\n  if(typeof exports === \'object\' && typeof module === \'object\')\n    module.exports = factory();\n  else if(typeof define === \'function\' && define.amd)\n    define([], factory);\n  else if(typeof exports === \'object\')\n    exports["LocationHelper"] = factory();\n  else\n    root["LocationHelper"] = factory();\n```\n\n## import\n\n```js\n  import LocationHelper from \'location-helper\';\n  //or\n  var LocationHelper = require(\'location-helper\');\n  //or\n  <script src="./index.js" ></script>\n  var locationHelper = new LocationHelper();\n```\n\n## params\n\n```js\n  this.url      = location.href.split(\'?\')[0];\n  this.hash     = location.hash;\n  this.host     = location.host;\n  this.hostname = location.hostname;\n  this.href     = location.href;\n  this.origin   = location.origin;\n  this.pathname = location.pathname;\n  this.port     = location.port;\n  this.protocol = location.protocol;\n  this.search   = location.search;\n  this.source   = location;\n  this.params   = {};\n```\n\n## intrface\n\n```js\n  mergeParams(params)\n  setParams(params)\n  getParams(name)\n  removeParams(params)\n  serialize(traditional)\n```\n\n## usage\n\n```js\n  var locationHelper = new LocationHelper(\'/a\');\n\n  locationHelper.mergeParams({page:1}).serialize(true);  //a?page=1\n```\n\n## test\n\n```\n  webpack\n```',
21 silly publish   readmeFilename: 'readme.md',
21 silly publish   gitHead: '5d6899e0314249a4fb2d404089742b4179c1392f',
21 silly publish   bugs: { url: 'https://github.com/Yi-love/location-helper/issues' },
21 silly publish   homepage: 'https://github.com/Yi-love/location-helper#readme',
21 silly publish   _id: 'location-helper@1.0.2',
21 silly publish   _shasum: '53f04f2eaf14673cfaf36ff1fd4569b0de367675',
21 silly publish   _from: '.' }
22 verbose getPublishConfig undefined
23 silly mapToRegistry name location-helper
24 silly mapToRegistry using default registry
25 silly mapToRegistry registry http://registry.npmjs.org/
26 silly mapToRegistry data Result {
26 silly mapToRegistry   raw: 'location-helper',
26 silly mapToRegistry   scope: null,
26 silly mapToRegistry   name: 'location-helper',
26 silly mapToRegistry   rawSpec: '',
26 silly mapToRegistry   spec: 'latest',
26 silly mapToRegistry   type: 'tag' }
27 silly mapToRegistry uri http://registry.npmjs.org/location-helper
28 verbose publish registryBase http://registry.npmjs.org/
29 silly publish uploading C:\Users\Administrator.FUTUCN-05121115\AppData\Roaming\npm-cache\location-helper\1.0.2\package.tgz
30 verbose request uri http://registry.npmjs.org/location-helper
31 verbose request sending authorization for write operation
32 info attempt registry request try #1 at 14:49:57
33 verbose request using bearer token for auth
34 verbose request id c82e5aa662ee3d75
35 http request PUT http://registry.npmjs.org/location-helper
36 http 403 http://registry.npmjs.org/location-helper
37 verbose headers { 'content-type': 'application/json',
37 verbose headers   'cache-control': 'max-age=300',
37 verbose headers   'content-length': '95',
37 verbose headers   'accept-ranges': 'bytes',
37 verbose headers   date: 'Tue, 08 Nov 2016 06:50:00 GMT',
37 verbose headers   via: '1.1 varnish',
37 verbose headers   connection: 'keep-alive',
37 verbose headers   'x-served-by': 'cache-lcy1137-LCY',
37 verbose headers   'x-cache': 'MISS',
37 verbose headers   'x-cache-hits': '0',
37 verbose headers   'x-timer': 'S1478587798.765637,VS0,VE1348',
37 verbose headers   vary: 'Accept-Encoding' }
38 verbose request invalidating C:\Users\Administrator.FUTUCN-05121115\AppData\Roaming\npm-cache\registry.npmjs.org\location-helper on PUT
39 error publish Failed PUT 403
40 verbose stack Error: "You cannot publish over the previously published version 1.0.2." : location-helper
40 verbose stack     at makeError (C:\Program Files\nodejs\node_modules\npm\node_modules\npm-registry-client\lib\request.js:264:12)
40 verbose stack     at CachingRegistryClient.<anonymous> (C:\Program Files\nodejs\node_modules\npm\node_modules\npm-registry-client\lib\request.js:252:14)
40 verbose stack     at Request._callback (C:\Program Files\nodejs\node_modules\npm\node_modules\npm-registry-client\lib\request.js:172:14)
40 verbose stack     at Request.self.callback (C:\Program Files\nodejs\node_modules\npm\node_modules\request\request.js:200:22)
40 verbose stack     at emitTwo (events.js:106:13)
40 verbose stack     at Request.emit (events.js:191:7)
40 verbose stack     at Request.<anonymous> (C:\Program Files\nodejs\node_modules\npm\node_modules\request\request.js:1067:10)
40 verbose stack     at emitOne (events.js:101:20)
40 verbose stack     at Request.emit (events.js:188:7)
40 verbose stack     at IncomingMessage.<anonymous> (C:\Program Files\nodejs\node_modules\npm\node_modules\request\request.js:988:12)
41 verbose statusCode 403
42 verbose pkgid location-helper
43 verbose cwd E:\git\location-helper
44 error Windows_NT 6.1.7601
45 error argv "C:\\Program Files\\nodejs\\node.exe" "C:\\Program Files\\nodejs\\node_modules\\npm\\bin\\npm-cli.js" "publish"
46 error node v6.2.0
47 error npm  v3.8.9
48 error code E403
49 error "You cannot publish over the previously published version 1.0.2." : location-helper
50 error If you need help, you may report this error at:
50 error     <https://github.com/npm/npm/issues>
51 verbose exit [ 1, true ]
